<?xml version="1.0" encoding="UTF-8"?>
<testsuite xmlns:xsi="http://www.w3.org/2001/XMLSchema-instance" xsi:noNamespaceSchemaLocation="https://maven.apache.org/surefire/maven-surefire-plugin/xsd/surefire-test-report.xsd" name="SeleniumTest.SeleniumTest" time="15.771" tests="9" errors="0" skipped="0" failures="0">
  <properties>
[...]
</properties>
  <testcase name="a_testLocalHost" classname="SeleniumTest.SeleniumTest" time="0.739"/>
  <testcase name="b_testGetBank" classname="SeleniumTest.SeleniumTest" time="1.128"/>
  <testcase name="c_testGetCustomer" classname="SeleniumTest.SeleniumTest" time="1.187"/>
  <testcase name="d_testGetAccount" classname="SeleniumTest.SeleniumTest" time="1.178"/>
  <testcase name="e_testGetBalance" classname="SeleniumTest.SeleniumTest" time="1.171"/>
  <testcase name="f_testGetWithdrawals" classname="SeleniumTest.SeleniumTest" time="1.189"/>
  <testcase name="g_testGetDeposits" classname="SeleniumTest.SeleniumTest" time="1.18"/>
  <testcase name="h_testTransferWithAccountId" classname="SeleniumTest.SeleniumTest" time="1.316"/>
  <testcase name="testTransferWithAccountNumber" classname="SeleniumTest.SeleniumTest" time="1.327"/>
</testsuite>